<?xml version="1.0" encoding="UTF-8"?>
<!-- Generated by org.testng.reporters.JUnitReportReporter -->
<testsuite hostname="LAPTOP-V3HNGHT2" failures="0" tests="1" name="SauceDemo.TestClasses.TC02VerifyLogoutClass" time="2.406" errors="0" timestamp="2022-08-19T15:56:10 IST" skipped="0">
  <testcase classname="SauceDemo.TestClasses.TC02VerifyLogoutClass" name="verifyLogout" time="2.406"/>
  <system-out/>
</testsuite> <!-- SauceDemo.TestClasses.TC02VerifyLogoutClass -->
