<?xml version="1.0" encoding="UTF-8"?>
<!-- Generated by org.testng.reporters.JUnitReportReporter -->
<testsuite hostname="LAPTOP-V3HNGHT2" failures="0" tests="1" name="SauceDemo.TestClasses.TC03VerifyBagProduct" time="2.155" errors="0" timestamp="2022-08-19T15:56:10 IST" skipped="0">
  <testcase classname="SauceDemo.TestClasses.TC03VerifyBagProduct" name="VerifyBagProduct" time="2.155"/>
  <system-out/>
</testsuite> <!-- SauceDemo.TestClasses.TC03VerifyBagProduct -->
